c:\dev\gaea\bin-int\release-windows-x86_64\gaea\gaea.pch
c:\dev\gaea\bin-int\release-windows-x86_64\gaea\vc142.pdb
c:\dev\gaea\bin-int\release-windows-x86_64\gaea\gapch.obj
c:\dev\gaea\bin-int\release-windows-x86_64\gaea\windowswindow.obj
c:\dev\gaea\bin-int\release-windows-x86_64\gaea\imguiopenglrenderer.obj
c:\dev\gaea\bin-int\release-windows-x86_64\gaea\log.obj
c:\dev\gaea\bin-int\release-windows-x86_64\gaea\layerstack.obj
c:\dev\gaea\bin-int\release-windows-x86_64\gaea\layer.obj
c:\dev\gaea\bin-int\release-windows-x86_64\gaea\imguilayer.obj
c:\dev\gaea\bin-int\release-windows-x86_64\gaea\application.obj
c:\dev\gaea\bin-int\release-windows-x86_64\gaea\gaea.tlog\cl.command.1.tlog
c:\dev\gaea\bin-int\release-windows-x86_64\gaea\gaea.tlog\cl.read.1.tlog
c:\dev\gaea\bin-int\release-windows-x86_64\gaea\gaea.tlog\cl.write.1.tlog
c:\dev\gaea\bin-int\release-windows-x86_64\gaea\gaea.tlog\link-cvtres.read.1.tlog
c:\dev\gaea\bin-int\release-windows-x86_64\gaea\gaea.tlog\link-cvtres.write.1.tlog
c:\dev\gaea\bin-int\release-windows-x86_64\gaea\gaea.tlog\link-rc.read.1.tlog
c:\dev\gaea\bin-int\release-windows-x86_64\gaea\gaea.tlog\link-rc.write.1.tlog
c:\dev\gaea\bin-int\release-windows-x86_64\gaea\gaea.tlog\link.command.1.tlog
c:\dev\gaea\bin-int\release-windows-x86_64\gaea\gaea.tlog\link.read.1.tlog
c:\dev\gaea\bin-int\release-windows-x86_64\gaea\gaea.tlog\link.write.1.tlog
