cl : command line warning D9025: overriding '/MT' with '/MD'
  gapch.cpp
C:\dev\Gaea\Gaea\src\Gaea\Log.h(17,54): warning C4251: 'Gaea::Log::s_CoreLogger': class 'std::shared_ptr<spdlog::logger>' needs to have dll-interface to be used by clients of class 'Gaea::Log'
C:\dev\Gaea\Gaea\vendor\spdlog\include\spdlog\details\registry.h(34): message : see declaration of 'std::shared_ptr<spdlog::logger>'
C:\dev\Gaea\Gaea\src\Gaea\Log.h(18,56): warning C4251: 'Gaea::Log::s_ClientLogger': class 'std::shared_ptr<spdlog::logger>' needs to have dll-interface to be used by clients of class 'Gaea::Log'
C:\dev\Gaea\Gaea\vendor\spdlog\include\spdlog\details\registry.h(34): message : see declaration of 'std::shared_ptr<spdlog::logger>'
cl : command line warning D9025: overriding '/MT' with '/MD'
  Application.cpp
C:\dev\Gaea\Gaea\src\Gaea\Layer.h(20,25): warning C4251: 'Gaea::Layer::_DebugName': class 'std::basic_string<char,std::char_traits<char>,std::allocator<char>>' needs to have dll-interface to be used by clients of class 'Gaea::Layer'
C:\Program Files (x86)\Microsoft Visual Studio\2019\Community\VC\Tools\MSVC\14.28.29333\include\xstring(4648): message : see declaration of 'std::basic_string<char,std::char_traits<char>,std::allocator<char>>'
C:\dev\Gaea\Gaea\src\Gaea\LayerStack.h(21,30): warning C4251: 'Gaea::LayerStack::_Layers': class 'std::vector<Gaea::Layer *,std::allocator<Gaea::Layer *>>' needs to have dll-interface to be used by clients of class 'Gaea::LayerStack'
C:\dev\Gaea\Gaea\src\Gaea\LayerStack.h(18): message : see declaration of 'std::vector<Gaea::Layer *,std::allocator<Gaea::Layer *>>'
C:\dev\Gaea\Gaea\src\Gaea\LayerStack.h(22,45): warning C4251: 'Gaea::LayerStack::_LayerInsert': class 'std::_Vector_iterator<std::_Vector_val<std::_Simple_types<_Ty>>>' needs to have dll-interface to be used by clients of class 'Gaea::LayerStack'
          with
          [
              _Ty=Gaea::Layer *
          ]
C:\Program Files (x86)\Microsoft Visual Studio\2019\Community\VC\Tools\MSVC\14.28.29333\include\vector(440): message : see declaration of 'std::_Vector_iterator<std::_Vector_val<std::_Simple_types<_Ty>>>'
          with
          [
              _Ty=Gaea::Layer *
          ]
C:\dev\Gaea\Gaea\src\Gaea\Application.h(29,34): warning C4251: 'Gaea::Application::_Window': class 'std::unique_ptr<Gaea::Window,std::default_delete<Gaea::Window>>' needs to have dll-interface to be used by clients of class 'Gaea::Application'
C:\dev\Gaea\Gaea\src\Gaea\Application.h(29): message : see declaration of 'std::unique_ptr<Gaea::Window,std::default_delete<Gaea::Window>>'
  ImGuiLayer.cpp
C:\dev\Gaea\Gaea\src\Gaea\Layer.h(20,25): warning C4251: 'Gaea::Layer::_DebugName': class 'std::basic_string<char,std::char_traits<char>,std::allocator<char>>' needs to have dll-interface to be used by clients of class 'Gaea::Layer'
C:\Program Files (x86)\Microsoft Visual Studio\2019\Community\VC\Tools\MSVC\14.28.29333\include\xstring(4648): message : see declaration of 'std::basic_string<char,std::char_traits<char>,std::allocator<char>>'
C:\dev\Gaea\Gaea\src\Gaea\LayerStack.h(21,30): warning C4251: 'Gaea::LayerStack::_Layers': class 'std::vector<Gaea::Layer *,std::allocator<Gaea::Layer *>>' needs to have dll-interface to be used by clients of class 'Gaea::LayerStack'
C:\dev\Gaea\Gaea\src\Gaea\LayerStack.h(18): message : see declaration of 'std::vector<Gaea::Layer *,std::allocator<Gaea::Layer *>>'
C:\dev\Gaea\Gaea\src\Gaea\LayerStack.h(22,45): warning C4251: 'Gaea::LayerStack::_LayerInsert': class 'std::_Vector_iterator<std::_Vector_val<std::_Simple_types<_Ty>>>' needs to have dll-interface to be used by clients of class 'Gaea::LayerStack'
          with
          [
              _Ty=Gaea::Layer *
          ]
C:\Program Files (x86)\Microsoft Visual Studio\2019\Community\VC\Tools\MSVC\14.28.29333\include\vector(440): message : see declaration of 'std::_Vector_iterator<std::_Vector_val<std::_Simple_types<_Ty>>>'
          with
          [
              _Ty=Gaea::Layer *
          ]
C:\dev\Gaea\Gaea\src\Gaea\Application.h(29,34): warning C4251: 'Gaea::Application::_Window': class 'std::unique_ptr<Gaea::Window,std::default_delete<Gaea::Window>>' needs to have dll-interface to be used by clients of class 'Gaea::Application'
C:\dev\Gaea\Gaea\src\Gaea\Application.h(29): message : see declaration of 'std::unique_ptr<Gaea::Window,std::default_delete<Gaea::Window>>'
C:\dev\Gaea\Gaea\src\Gaea\ImGui\ImGuiLayer.cpp(58,80): warning C4244: 'argument': conversion from 'unsigned int' to 'float', possible loss of data
C:\dev\Gaea\Gaea\src\Gaea\ImGui\ImGuiLayer.cpp(58,51): warning C4244: 'argument': conversion from 'unsigned int' to 'float', possible loss of data
  Layer.cpp
C:\dev\Gaea\Gaea\src\Gaea\Layer.h(20,25): warning C4251: 'Gaea::Layer::_DebugName': class 'std::basic_string<char,std::char_traits<char>,std::allocator<char>>' needs to have dll-interface to be used by clients of class 'Gaea::Layer'
C:\Program Files (x86)\Microsoft Visual Studio\2019\Community\VC\Tools\MSVC\14.28.29333\include\xstring(4648): message : see declaration of 'std::basic_string<char,std::char_traits<char>,std::allocator<char>>'
  LayerStack.cpp
C:\dev\Gaea\Gaea\src\Gaea\Layer.h(20,25): warning C4251: 'Gaea::Layer::_DebugName': class 'std::basic_string<char,std::char_traits<char>,std::allocator<char>>' needs to have dll-interface to be used by clients of class 'Gaea::Layer'
C:\Program Files (x86)\Microsoft Visual Studio\2019\Community\VC\Tools\MSVC\14.28.29333\include\xstring(4648): message : see declaration of 'std::basic_string<char,std::char_traits<char>,std::allocator<char>>'
C:\dev\Gaea\Gaea\src\Gaea\LayerStack.h(21,30): warning C4251: 'Gaea::LayerStack::_Layers': class 'std::vector<Gaea::Layer *,std::allocator<Gaea::Layer *>>' needs to have dll-interface to be used by clients of class 'Gaea::LayerStack'
C:\dev\Gaea\Gaea\src\Gaea\LayerStack.h(18): message : see declaration of 'std::vector<Gaea::Layer *,std::allocator<Gaea::Layer *>>'
C:\dev\Gaea\Gaea\src\Gaea\LayerStack.h(22,45): warning C4251: 'Gaea::LayerStack::_LayerInsert': class 'std::_Vector_iterator<std::_Vector_val<std::_Simple_types<_Ty>>>' needs to have dll-interface to be used by clients of class 'Gaea::LayerStack'
          with
          [
              _Ty=Gaea::Layer *
          ]
C:\Program Files (x86)\Microsoft Visual Studio\2019\Community\VC\Tools\MSVC\14.28.29333\include\vector(440): message : see declaration of 'std::_Vector_iterator<std::_Vector_val<std::_Simple_types<_Ty>>>'
          with
          [
              _Ty=Gaea::Layer *
          ]
  Log.cpp
  ImGuiOpenGLRenderer.cpp
C:\dev\Gaea\Gaea\src\Platform\OpenGL\ImGuiOpenGLRenderer.cpp(53): warning C4603: '_CRT_SECURE_NO_WARNINGS': macro is not defined or definition is different after precompiled header use
C:\dev\Gaea\Gaea\src\Platform\OpenGL\ImGuiOpenGLRenderer.cpp(53): message : Add macro to precompiled header instead of defining here
C:\dev\Gaea\Gaea\src\Platform\OpenGL\ImGuiOpenGLRenderer.cpp(56): message : use of precompiled header
C:\dev\Gaea\Gaea\src\Platform\OpenGL\ImGuiOpenGLRenderer.cpp(99,5): warning C4996: 'strcpy': This function or variable may be unsafe. Consider using strcpy_s instead. To disable deprecation, use _CRT_SECURE_NO_WARNINGS. See online help for details.
C:\dev\Gaea\Gaea\src\Platform\OpenGL\ImGuiOpenGLRenderer.cpp(100,5): warning C4996: 'strcat': This function or variable may be unsafe. Consider using strcat_s instead. To disable deprecation, use _CRT_SECURE_NO_WARNINGS. See online help for details.
C:\dev\Gaea\Gaea\src\Platform\OpenGL\ImGuiOpenGLRenderer.cpp(353,5): warning C4996: 'sscanf': This function or variable may be unsafe. Consider using sscanf_s instead. To disable deprecation, use _CRT_SECURE_NO_WARNINGS. See online help for details.
  WindowsWindow.cpp
  Generating Code...
     Creating library ..\bin\Release-windows-x86_64\Gaea\Gaea.lib and object ..\bin\Release-windows-x86_64\Gaea\Gaea.exp
LINK : warning LNK4098: defaultlib 'LIBCMT' conflicts with use of other libs; use /NODEFAULTLIB:library
  Gaea.vcxproj -> C:\dev\Gaea\bin\Release-windows-x86_64\Gaea\Gaea.dll
